Flow report for Task_2a
Mon Nov 04 15:03:57 2024
Quartus Prime Version 18.1.0 Build 625 09/12/2018 SJ Lite Edition


---------------------
; Table of Contents ;
---------------------
  1. Legal Notice
  2. Flow Summary
  3. Flow Settings
  4. Flow Non-Default Global Settings
  5. Flow Elapsed Time
  6. Flow OS Summary
  7. Flow Log
  8. Flow Messages
  9. Flow Suppressed Messages



----------------
; Legal Notice ;
----------------
Copyright (C) 2018  Intel Corporation. All rights reserved.
Your use of Intel Corporation's design tools, logic functions 
and other software and tools, and its AMPP partner logic 
functions, and any output files from any of the foregoing 
(including device programming or simulation files), and any 
associated documentation or information are expressly subject 
to the terms and conditions of the Intel Program License 
Subscription Agreement, the Intel Quartus Prime License Agreement,
the Intel FPGA IP License Agreement, or other applicable license
agreement, including, without limitation, that your use is for
the sole purpose of programming logic devices manufactured by
Intel and sold by Intel or its authorized distributors.  Please
refer to the applicable agreement for further details.



+----------------------------------------------------------------------------------+
; Flow Summary                                                                     ;
+------------------------------------+---------------------------------------------+
; Flow Status                        ; Successful - Mon Nov 04 15:03:57 2024       ;
; Quartus Prime Version              ; 18.1.0 Build 625 09/12/2018 SJ Lite Edition ;
; Revision Name                      ; Task_2a                                     ;
; Top-level Entity Name              ; top_level                                   ;
; Family                             ; MAX 10                                      ;
; Device                             ; 10M25SAE144C8G                              ;
; Timing Models                      ; Final                                       ;
; Total logic elements               ; 502 / 24,960 ( 2 % )                        ;
;     Total combinational functions  ; 488 / 24,960 ( 2 % )                        ;
;     Dedicated logic registers      ; 258 / 24,960 ( 1 % )                        ;
; Total registers                    ; 258                                         ;
; Total pins                         ; 27 / 101 ( 27 % )                           ;
; Total virtual pins                 ; 0                                           ;
; Total memory bits                  ; 0 / 691,200 ( 0 % )                         ;
; Embedded Multiplier 9-bit elements ; 0 / 110 ( 0 % )                             ;
; Total PLLs                         ; 0 / 1 ( 0 % )                               ;
; UFM blocks                         ; 0 / 1 ( 0 % )                               ;
; ADC blocks                         ; 0 / 1 ( 0 % )                               ;
+------------------------------------+---------------------------------------------+


+-----------------------------------------+
; Flow Settings                           ;
+-------------------+---------------------+
; Option            ; Setting             ;
+-------------------+---------------------+
; Start date & time ; 11/04/2024 15:03:33 ;
; Main task         ; Compilation         ;
; Revision Name     ; Task_2a             ;
+-------------------+---------------------+


+-----------------------------------------------------------------------------------------------------------------------------+
; Flow Non-Default Global Settings                                                                                            ;
+-------------------------------------+----------------------------------------+---------------+-------------+----------------+
; Assignment Name                     ; Value                                  ; Default Value ; Entity Name ; Section Id     ;
+-------------------------------------+----------------------------------------+---------------+-------------+----------------+
; COMPILER_SIGNATURE_ID               ; 1096344252912.173071281339832          ; --            ; --          ; --             ;
; EDA_OUTPUT_DATA_FORMAT              ; Vhdl                                   ; --            ; --          ; eda_simulation ;
; EDA_SIMULATION_TOOL                 ; ModelSim-Altera (VHDL)                 ; <None>        ; --          ; --             ;
; EDA_TIME_SCALE                      ; 1 ps                                   ; --            ; --          ; eda_simulation ;
; MAX_CORE_JUNCTION_TEMP              ; 85                                     ; --            ; --          ; --             ;
; MIN_CORE_JUNCTION_TEMP              ; 0                                      ; --            ; --          ; --             ;
; PARTITION_COLOR                     ; -- (Not supported for targeted family) ; --            ; Top_Level   ; Top            ;
; PARTITION_FITTER_PRESERVATION_LEVEL ; -- (Not supported for targeted family) ; --            ; Top_Level   ; Top            ;
; PARTITION_NETLIST_TYPE              ; -- (Not supported for targeted family) ; --            ; Top_Level   ; Top            ;
; PROJECT_OUTPUT_DIRECTORY            ; output_files                           ; --            ; --          ; --             ;
; TOP_LEVEL_ENTITY                    ; Top_Level                              ; Task_2a       ; --          ; --             ;
+-------------------------------------+----------------------------------------+---------------+-------------+----------------+


+--------------------------------------------------------------------------------------------------------------------------+
; Flow Elapsed Time                                                                                                        ;
+----------------------+--------------+-------------------------+---------------------+------------------------------------+
; Module Name          ; Elapsed Time ; Average Processors Used ; Peak Virtual Memory ; Total CPU Time (on all processors) ;
+----------------------+--------------+-------------------------+---------------------+------------------------------------+
; Analysis & Synthesis ; 00:00:08     ; 1.0                     ; 4857 MB             ; 00:00:04                           ;
; Fitter               ; 00:00:07     ; 1.3                     ; 6193 MB             ; 00:00:04                           ;
; Assembler            ; 00:00:01     ; 1.0                     ; 4685 MB             ; 00:00:01                           ;
; Power Analyzer       ; 00:00:01     ; 1.7                     ; 4946 MB             ; 00:00:01                           ;
; Timing Analyzer      ; 00:00:02     ; 1.6                     ; 4897 MB             ; 00:00:01                           ;
; EDA Netlist Writer   ; 00:00:00     ; 1.0                     ; 4650 MB             ; 00:00:00                           ;
; Total                ; 00:00:19     ; --                      ; --                  ; 00:00:11                           ;
+----------------------+--------------+-------------------------+---------------------+------------------------------------+


+------------------------------------------------------------------------------------+
; Flow OS Summary                                                                    ;
+----------------------+------------------+------------+------------+----------------+
; Module Name          ; Machine Hostname ; OS Name    ; OS Version ; Processor type ;
+----------------------+------------------+------------+------------+----------------+
; Analysis & Synthesis ; Manasvi          ; Windows 10 ; 10.0       ; x86_64         ;
; Fitter               ; Manasvi          ; Windows 10 ; 10.0       ; x86_64         ;
; Assembler            ; Manasvi          ; Windows 10 ; 10.0       ; x86_64         ;
; Power Analyzer       ; Manasvi          ; Windows 10 ; 10.0       ; x86_64         ;
; Timing Analyzer      ; Manasvi          ; Windows 10 ; 10.0       ; x86_64         ;
; EDA Netlist Writer   ; Manasvi          ; Windows 10 ; 10.0       ; x86_64         ;
+----------------------+------------------+------------+------------+----------------+


------------
; Flow Log ;
------------
quartus_map --read_settings_files=on --write_settings_files=off Task_2a -c Task_2a
quartus_fit --read_settings_files=off --write_settings_files=off Task_2a -c Task_2a
quartus_asm --read_settings_files=off --write_settings_files=off Task_2a -c Task_2a
quartus_pow --read_settings_files=off --write_settings_files=off Task_2a -c Task_2a
quartus_sta Task_2a -c Task_2a
quartus_eda --read_settings_files=off --write_settings_files=off Task_2a -c Task_2a



