Flow report for PART_3
Mon Nov 04 00:00:49 2024
Quartus Prime Version 18.1.0 Build 625 09/12/2018 SJ Lite Edition


---------------------
; Table of Contents ;
---------------------
  1. Legal Notice
  2. Flow Summary
  3. Flow Settings
  4. Flow Non-Default Global Settings
  5. Flow Elapsed Time
  6. Flow OS Summary
  7. Flow Log
  8. Flow Messages
  9. Flow Suppressed Messages



----------------
; Legal Notice ;
----------------
Copyright (C) 2018  Intel Corporation. All rights reserved.
Your use of Intel Corporation's design tools, logic functions 
and other software and tools, and its AMPP partner logic 
functions, and any output files from any of the foregoing 
(including device programming or simulation files), and any 
associated documentation or information are expressly subject 
to the terms and conditions of the Intel Program License 
Subscription Agreement, the Intel Quartus Prime License Agreement,
the Intel FPGA IP License Agreement, or other applicable license
agreement, including, without limitation, that your use is for
the sole purpose of programming logic devices manufactured by
Intel and sold by Intel or its authorized distributors.  Please
refer to the applicable agreement for further details.



+----------------------------------------------------------------------------------+
; Flow Summary                                                                     ;
+------------------------------------+---------------------------------------------+
; Flow Status                        ; Successful - Mon Nov 04 00:00:49 2024       ;
; Quartus Prime Version              ; 18.1.0 Build 625 09/12/2018 SJ Lite Edition ;
; Revision Name                      ; PART_3                                      ;
; Top-level Entity Name              ; top_level_lcd                               ;
; Family                             ; MAX 10                                      ;
; Device                             ; 10M25SAE144C8G                              ;
; Timing Models                      ; Final                                       ;
; Total logic elements               ; 442 / 24,960 ( 2 % )                        ;
;     Total combinational functions  ; 427 / 24,960 ( 2 % )                        ;
;     Dedicated logic registers      ; 228 / 24,960 ( < 1 % )                      ;
; Total registers                    ; 228                                         ;
; Total pins                         ; 22 / 101 ( 22 % )                           ;
; Total virtual pins                 ; 0                                           ;
; Total memory bits                  ; 0 / 691,200 ( 0 % )                         ;
; Embedded Multiplier 9-bit elements ; 0 / 110 ( 0 % )                             ;
; Total PLLs                         ; 0 / 1 ( 0 % )                               ;
; UFM blocks                         ; 0 / 1 ( 0 % )                               ;
; ADC blocks                         ; 0 / 1 ( 0 % )                               ;
+------------------------------------+---------------------------------------------+


+-----------------------------------------+
; Flow Settings                           ;
+-------------------+---------------------+
; Option            ; Setting             ;
+-------------------+---------------------+
; Start date & time ; 11/04/2024 00:00:09 ;
; Main task         ; Compilation         ;
; Revision Name     ; PART_3              ;
+-------------------+---------------------+


+-------------------------------------------------------------------------------------------------------------------------------+
; Flow Non-Default Global Settings                                                                                              ;
+-------------------------------------+----------------------------------------+---------------+---------------+----------------+
; Assignment Name                     ; Value                                  ; Default Value ; Entity Name   ; Section Id     ;
+-------------------------------------+----------------------------------------+---------------+---------------+----------------+
; COMPILER_SIGNATURE_ID               ; 125459094949039.173065860913832        ; --            ; --            ; --             ;
; EDA_OUTPUT_DATA_FORMAT              ; Vhdl                                   ; --            ; --            ; eda_simulation ;
; EDA_SIMULATION_TOOL                 ; ModelSim-Altera (VHDL)                 ; <None>        ; --            ; --             ;
; EDA_TIME_SCALE                      ; 1 ps                                   ; --            ; --            ; eda_simulation ;
; FLOW_ENABLE_POWER_ANALYZER          ; On                                     ; Off           ; --            ; --             ;
; MAX_CORE_JUNCTION_TEMP              ; 85                                     ; --            ; --            ; --             ;
; MIN_CORE_JUNCTION_TEMP              ; 0                                      ; --            ; --            ; --             ;
; PARTITION_COLOR                     ; -- (Not supported for targeted family) ; --            ; TOP_LEVEL_LCD ; Top            ;
; PARTITION_FITTER_PRESERVATION_LEVEL ; -- (Not supported for targeted family) ; --            ; TOP_LEVEL_LCD ; Top            ;
; PARTITION_NETLIST_TYPE              ; -- (Not supported for targeted family) ; --            ; TOP_LEVEL_LCD ; Top            ;
; POWER_BOARD_THERMAL_MODEL           ; None (CONSERVATIVE)                    ; --            ; --            ; --             ;
; POWER_DEFAULT_INPUT_IO_TOGGLE_RATE  ; 12.5 %                                 ; 12.5%         ; --            ; --             ;
; POWER_PRESET_COOLING_SOLUTION       ; 23 MM HEAT SINK WITH 200 LFPM AIRFLOW  ; --            ; --            ; --             ;
; PROJECT_OUTPUT_DIRECTORY            ; output_files                           ; --            ; --            ; --             ;
; TOP_LEVEL_ENTITY                    ; TOP_LEVEL_LCD                          ; PART_3        ; --            ; --             ;
+-------------------------------------+----------------------------------------+---------------+---------------+----------------+


+--------------------------------------------------------------------------------------------------------------------------+
; Flow Elapsed Time                                                                                                        ;
+----------------------+--------------+-------------------------+---------------------+------------------------------------+
; Module Name          ; Elapsed Time ; Average Processors Used ; Peak Virtual Memory ; Total CPU Time (on all processors) ;
+----------------------+--------------+-------------------------+---------------------+------------------------------------+
; Analysis & Synthesis ; 00:00:15     ; 1.0                     ; 4801 MB             ; 00:00:30                           ;
; Fitter               ; 00:00:11     ; 1.1                     ; 5603 MB             ; 00:00:15                           ;
; Assembler            ; 00:00:02     ; 1.0                     ; 4679 MB             ; 00:00:02                           ;
; Power Analyzer       ; 00:00:03     ; 1.2                     ; 4835 MB             ; 00:00:03                           ;
; Timing Analyzer      ; 00:00:03     ; 1.2                     ; 4798 MB             ; 00:00:04                           ;
; EDA Netlist Writer   ; 00:00:01     ; 1.0                     ; 4645 MB             ; 00:00:01                           ;
; Total                ; 00:00:35     ; --                      ; --                  ; 00:00:55                           ;
+----------------------+--------------+-------------------------+---------------------+------------------------------------+


+------------------------------------------------------------------------------------+
; Flow OS Summary                                                                    ;
+----------------------+------------------+------------+------------+----------------+
; Module Name          ; Machine Hostname ; OS Name    ; OS Version ; Processor type ;
+----------------------+------------------+------------+------------+----------------+
; Analysis & Synthesis ; Veeresh          ; Windows 10 ; 10.0       ; x86_64         ;
; Fitter               ; Veeresh          ; Windows 10 ; 10.0       ; x86_64         ;
; Assembler            ; Veeresh          ; Windows 10 ; 10.0       ; x86_64         ;
; Power Analyzer       ; Veeresh          ; Windows 10 ; 10.0       ; x86_64         ;
; Timing Analyzer      ; Veeresh          ; Windows 10 ; 10.0       ; x86_64         ;
; EDA Netlist Writer   ; Veeresh          ; Windows 10 ; 10.0       ; x86_64         ;
+----------------------+------------------+------------+------------+----------------+


------------
; Flow Log ;
------------
quartus_map --read_settings_files=on --write_settings_files=off PART_3 -c PART_3
quartus_fit --read_settings_files=off --write_settings_files=off PART_3 -c PART_3
quartus_asm --read_settings_files=off --write_settings_files=off PART_3 -c PART_3
quartus_pow --read_settings_files=off --write_settings_files=off PART_3 -c PART_3
quartus_sta PART_3 -c PART_3
quartus_eda --read_settings_files=off --write_settings_files=off PART_3 -c PART_3



